2026-04-23 01:46:37 [error]: Error: CORS: Origin http://192.168.56.1:3000 not allowed
    at origin (C:\Users\Muhammad Aurangzaib\Desktop\Queue managment\smart-queue-backend\server.js:82:18)
    at C:\Users\Muhammad Aurangzaib\Desktop\Queue managment\smart-queue-backend\node_modules\cors\lib\index.js:219:13
    at optionsCallback (C:\Users\Muhammad Aurangzaib\Desktop\Queue managment\smart-queue-backend\node_modules\cors\lib\index.js:199:9)
    at corsMiddleware (C:\Users\Muhammad Aurangzaib\Desktop\Queue managment\smart-queue-backend\node_modules\cors\lib\index.js:204:7)
    at Layer.handle [as handle_request] (C:\Users\Muhammad Aurangzaib\Desktop\Queue managment\smart-queue-backend\node_modules\express\lib\router\layer.js:95:5)
    at trim_prefix (C:\Users\Muhammad Aurangzaib\Desktop\Queue managment\smart-queue-backend\node_modules\express\lib\router\index.js:328:13)
    at C:\Users\Muhammad Aurangzaib\Desktop\Queue managment\smart-queue-backend\node_modules\express\lib\router\index.js:286:9
    at Function.process_params (C:\Users\Muhammad Aurangzaib\Desktop\Queue managment\smart-queue-backend\node_modules\express\lib\router\index.js:346:12)
    at next (C:\Users\Muhammad Aurangzaib\Desktop\Queue managment\smart-queue-backend\node_modules\express\lib\router\index.js:280:10)
    at internalNext (C:\Users\Muhammad Aurangzaib\Desktop\Queue managment\smart-queue-backend\node_modules\helmet\index.cjs:537:6)
2026-04-23 01:46:41 [error]: Error: CORS: Origin http://192.168.56.1:3000 not allowed
    at origin (C:\Users\Muhammad Aurangzaib\Desktop\Queue managment\smart-queue-backend\server.js:82:18)
    at C:\Users\Muhammad Aurangzaib\Desktop\Queue managment\smart-queue-backend\node_modules\cors\lib\index.js:219:13
    at optionsCallback (C:\Users\Muhammad Aurangzaib\Desktop\Queue managment\smart-queue-backend\node_modules\cors\lib\index.js:199:9)
    at corsMiddleware (C:\Users\Muhammad Aurangzaib\Desktop\Queue managment\smart-queue-backend\node_modules\cors\lib\index.js:204:7)
    at Layer.handle [as handle_request] (C:\Users\Muhammad Aurangzaib\Desktop\Queue managment\smart-queue-backend\node_modules\express\lib\router\layer.js:95:5)
    at trim_prefix (C:\Users\Muhammad Aurangzaib\Desktop\Queue managment\smart-queue-backend\node_modules\express\lib\router\index.js:328:13)
    at C:\Users\Muhammad Aurangzaib\Desktop\Queue managment\smart-queue-backend\node_modules\express\lib\router\index.js:286:9
    at Function.process_params (C:\Users\Muhammad Aurangzaib\Desktop\Queue managment\smart-queue-backend\node_modules\express\lib\router\index.js:346:12)
    at next (C:\Users\Muhammad Aurangzaib\Desktop\Queue managment\smart-queue-backend\node_modules\express\lib\router\index.js:280:10)
    at internalNext (C:\Users\Muhammad Aurangzaib\Desktop\Queue managment\smart-queue-backend\node_modules\helmet\index.cjs:537:6)
2026-04-23 01:47:20 [error]: Error: CORS: Origin http://192.168.56.1:3000 not allowed
    at origin (C:\Users\Muhammad Aurangzaib\Desktop\Queue managment\smart-queue-backend\server.js:82:18)
    at C:\Users\Muhammad Aurangzaib\Desktop\Queue managment\smart-queue-backend\node_modules\cors\lib\index.js:219:13
    at optionsCallback (C:\Users\Muhammad Aurangzaib\Desktop\Queue managment\smart-queue-backend\node_modules\cors\lib\index.js:199:9)
    at corsMiddleware (C:\Users\Muhammad Aurangzaib\Desktop\Queue managment\smart-queue-backend\node_modules\cors\lib\index.js:204:7)
    at Layer.handle [as handle_request] (C:\Users\Muhammad Aurangzaib\Desktop\Queue managment\smart-queue-backend\node_modules\express\lib\router\layer.js:95:5)
    at trim_prefix (C:\Users\Muhammad Aurangzaib\Desktop\Queue managment\smart-queue-backend\node_modules\express\lib\router\index.js:328:13)
    at C:\Users\Muhammad Aurangzaib\Desktop\Queue managment\smart-queue-backend\node_modules\express\lib\router\index.js:286:9
    at Function.process_params (C:\Users\Muhammad Aurangzaib\Desktop\Queue managment\smart-queue-backend\node_modules\express\lib\router\index.js:346:12)
    at next (C:\Users\Muhammad Aurangzaib\Desktop\Queue managment\smart-queue-backend\node_modules\express\lib\router\index.js:280:10)
    at internalNext (C:\Users\Muhammad Aurangzaib\Desktop\Queue managment\smart-queue-backend\node_modules\helmet\index.cjs:537:6)
2026-04-23 01:48:41 [error]: Error: CORS: Origin http://192.168.56.1:3000 not allowed
    at origin (C:\Users\Muhammad Aurangzaib\Desktop\Queue managment\smart-queue-backend\server.js:82:18)
    at C:\Users\Muhammad Aurangzaib\Desktop\Queue managment\smart-queue-backend\node_modules\cors\lib\index.js:219:13
    at optionsCallback (C:\Users\Muhammad Aurangzaib\Desktop\Queue managment\smart-queue-backend\node_modules\cors\lib\index.js:199:9)
    at corsMiddleware (C:\Users\Muhammad Aurangzaib\Desktop\Queue managment\smart-queue-backend\node_modules\cors\lib\index.js:204:7)
    at Layer.handle [as handle_request] (C:\Users\Muhammad Aurangzaib\Desktop\Queue managment\smart-queue-backend\node_modules\express\lib\router\layer.js:95:5)
    at trim_prefix (C:\Users\Muhammad Aurangzaib\Desktop\Queue managment\smart-queue-backend\node_modules\express\lib\router\index.js:328:13)
    at C:\Users\Muhammad Aurangzaib\Desktop\Queue managment\smart-queue-backend\node_modules\express\lib\router\index.js:286:9
    at Function.process_params (C:\Users\Muhammad Aurangzaib\Desktop\Queue managment\smart-queue-backend\node_modules\express\lib\router\index.js:346:12)
    at next (C:\Users\Muhammad Aurangzaib\Desktop\Queue managment\smart-queue-backend\node_modules\express\lib\router\index.js:280:10)
    at internalNext (C:\Users\Muhammad Aurangzaib\Desktop\Queue managment\smart-queue-backend\node_modules\helmet\index.cjs:537:6)
2026-04-23 01:49:08 [error]: Error: CORS: Origin http://192.168.56.1:3000 not allowed
    at origin (C:\Users\Muhammad Aurangzaib\Desktop\Queue managment\smart-queue-backend\server.js:82:18)
    at C:\Users\Muhammad Aurangzaib\Desktop\Queue managment\smart-queue-backend\node_modules\cors\lib\index.js:219:13
    at optionsCallback (C:\Users\Muhammad Aurangzaib\Desktop\Queue managment\smart-queue-backend\node_modules\cors\lib\index.js:199:9)
    at corsMiddleware (C:\Users\Muhammad Aurangzaib\Desktop\Queue managment\smart-queue-backend\node_modules\cors\lib\index.js:204:7)
    at Layer.handle [as handle_request] (C:\Users\Muhammad Aurangzaib\Desktop\Queue managment\smart-queue-backend\node_modules\express\lib\router\layer.js:95:5)
    at trim_prefix (C:\Users\Muhammad Aurangzaib\Desktop\Queue managment\smart-queue-backend\node_modules\express\lib\router\index.js:328:13)
    at C:\Users\Muhammad Aurangzaib\Desktop\Queue managment\smart-queue-backend\node_modules\express\lib\router\index.js:286:9
    at Function.process_params (C:\Users\Muhammad Aurangzaib\Desktop\Queue managment\smart-queue-backend\node_modules\express\lib\router\index.js:346:12)
    at next (C:\Users\Muhammad Aurangzaib\Desktop\Queue managment\smart-queue-backend\node_modules\express\lib\router\index.js:280:10)
    at internalNext (C:\Users\Muhammad Aurangzaib\Desktop\Queue managment\smart-queue-backend\node_modules\helmet\index.cjs:537:6)
2026-04-23 01:49:12 [error]: Error: CORS: Origin http://192.168.56.1:3000 not allowed
    at origin (C:\Users\Muhammad Aurangzaib\Desktop\Queue managment\smart-queue-backend\server.js:82:18)
    at C:\Users\Muhammad Aurangzaib\Desktop\Queue managment\smart-queue-backend\node_modules\cors\lib\index.js:219:13
    at optionsCallback (C:\Users\Muhammad Aurangzaib\Desktop\Queue managment\smart-queue-backend\node_modules\cors\lib\index.js:199:9)
    at corsMiddleware (C:\Users\Muhammad Aurangzaib\Desktop\Queue managment\smart-queue-backend\node_modules\cors\lib\index.js:204:7)
    at Layer.handle [as handle_request] (C:\Users\Muhammad Aurangzaib\Desktop\Queue managment\smart-queue-backend\node_modules\express\lib\router\layer.js:95:5)
    at trim_prefix (C:\Users\Muhammad Aurangzaib\Desktop\Queue managment\smart-queue-backend\node_modules\express\lib\router\index.js:328:13)
    at C:\Users\Muhammad Aurangzaib\Desktop\Queue managment\smart-queue-backend\node_modules\express\lib\router\index.js:286:9
    at Function.process_params (C:\Users\Muhammad Aurangzaib\Desktop\Queue managment\smart-queue-backend\node_modules\express\lib\router\index.js:346:12)
    at next (C:\Users\Muhammad Aurangzaib\Desktop\Queue managment\smart-queue-backend\node_modules\express\lib\router\index.js:280:10)
    at internalNext (C:\Users\Muhammad Aurangzaib\Desktop\Queue managment\smart-queue-backend\node_modules\helmet\index.cjs:537:6)
2026-04-23 01:50:44 [error]: Error: CORS: Origin http://192.168.56.1:3000 not allowed
    at origin (C:\Users\Muhammad Aurangzaib\Desktop\Queue managment\smart-queue-backend\server.js:82:18)
    at C:\Users\Muhammad Aurangzaib\Desktop\Queue managment\smart-queue-backend\node_modules\cors\lib\index.js:219:13
    at optionsCallback (C:\Users\Muhammad Aurangzaib\Desktop\Queue managment\smart-queue-backend\node_modules\cors\lib\index.js:199:9)
    at corsMiddleware (C:\Users\Muhammad Aurangzaib\Desktop\Queue managment\smart-queue-backend\node_modules\cors\lib\index.js:204:7)
    at Layer.handle [as handle_request] (C:\Users\Muhammad Aurangzaib\Desktop\Queue managment\smart-queue-backend\node_modules\express\lib\router\layer.js:95:5)
    at trim_prefix (C:\Users\Muhammad Aurangzaib\Desktop\Queue managment\smart-queue-backend\node_modules\express\lib\router\index.js:328:13)
    at C:\Users\Muhammad Aurangzaib\Desktop\Queue managment\smart-queue-backend\node_modules\express\lib\router\index.js:286:9
    at Function.process_params (C:\Users\Muhammad Aurangzaib\Desktop\Queue managment\smart-queue-backend\node_modules\express\lib\router\index.js:346:12)
    at next (C:\Users\Muhammad Aurangzaib\Desktop\Queue managment\smart-queue-backend\node_modules\express\lib\router\index.js:280:10)
    at internalNext (C:\Users\Muhammad Aurangzaib\Desktop\Queue managment\smart-queue-backend\node_modules\helmet\index.cjs:537:6)
2026-04-23 01:50:45 [error]: Error: CORS: Origin http://192.168.56.1:3000 not allowed
    at origin (C:\Users\Muhammad Aurangzaib\Desktop\Queue managment\smart-queue-backend\server.js:82:18)
    at C:\Users\Muhammad Aurangzaib\Desktop\Queue managment\smart-queue-backend\node_modules\cors\lib\index.js:219:13
    at optionsCallback (C:\Users\Muhammad Aurangzaib\Desktop\Queue managment\smart-queue-backend\node_modules\cors\lib\index.js:199:9)
    at corsMiddleware (C:\Users\Muhammad Aurangzaib\Desktop\Queue managment\smart-queue-backend\node_modules\cors\lib\index.js:204:7)
    at Layer.handle [as handle_request] (C:\Users\Muhammad Aurangzaib\Desktop\Queue managment\smart-queue-backend\node_modules\express\lib\router\layer.js:95:5)
    at trim_prefix (C:\Users\Muhammad Aurangzaib\Desktop\Queue managment\smart-queue-backend\node_modules\express\lib\router\index.js:328:13)
    at C:\Users\Muhammad Aurangzaib\Desktop\Queue managment\smart-queue-backend\node_modules\express\lib\router\index.js:286:9
    at Function.process_params (C:\Users\Muhammad Aurangzaib\Desktop\Queue managment\smart-queue-backend\node_modules\express\lib\router\index.js:346:12)
    at next (C:\Users\Muhammad Aurangzaib\Desktop\Queue managment\smart-queue-backend\node_modules\express\lib\router\index.js:280:10)
    at internalNext (C:\Users\Muhammad Aurangzaib\Desktop\Queue managment\smart-queue-backend\node_modules\helmet\index.cjs:537:6)
2026-04-23 01:50:45 [error]: Error: CORS: Origin http://192.168.56.1:3000 not allowed
    at origin (C:\Users\Muhammad Aurangzaib\Desktop\Queue managment\smart-queue-backend\server.js:82:18)
    at C:\Users\Muhammad Aurangzaib\Desktop\Queue managment\smart-queue-backend\node_modules\cors\lib\index.js:219:13
    at optionsCallback (C:\Users\Muhammad Aurangzaib\Desktop\Queue managment\smart-queue-backend\node_modules\cors\lib\index.js:199:9)
    at corsMiddleware (C:\Users\Muhammad Aurangzaib\Desktop\Queue managment\smart-queue-backend\node_modules\cors\lib\index.js:204:7)
    at Layer.handle [as handle_request] (C:\Users\Muhammad Aurangzaib\Desktop\Queue managment\smart-queue-backend\node_modules\express\lib\router\layer.js:95:5)
    at trim_prefix (C:\Users\Muhammad Aurangzaib\Desktop\Queue managment\smart-queue-backend\node_modules\express\lib\router\index.js:328:13)
    at C:\Users\Muhammad Aurangzaib\Desktop\Queue managment\smart-queue-backend\node_modules\express\lib\router\index.js:286:9
    at Function.process_params (C:\Users\Muhammad Aurangzaib\Desktop\Queue managment\smart-queue-backend\node_modules\express\lib\router\index.js:346:12)
    at next (C:\Users\Muhammad Aurangzaib\Desktop\Queue managment\smart-queue-backend\node_modules\express\lib\router\index.js:280:10)
    at internalNext (C:\Users\Muhammad Aurangzaib\Desktop\Queue managment\smart-queue-backend\node_modules\helmet\index.cjs:537:6)
2026-04-23 01:50:45 [error]: Error: CORS: Origin http://192.168.56.1:3000 not allowed
    at origin (C:\Users\Muhammad Aurangzaib\Desktop\Queue managment\smart-queue-backend\server.js:82:18)
    at C:\Users\Muhammad Aurangzaib\Desktop\Queue managment\smart-queue-backend\node_modules\cors\lib\index.js:219:13
    at optionsCallback (C:\Users\Muhammad Aurangzaib\Desktop\Queue managment\smart-queue-backend\node_modules\cors\lib\index.js:199:9)
    at corsMiddleware (C:\Users\Muhammad Aurangzaib\Desktop\Queue managment\smart-queue-backend\node_modules\cors\lib\index.js:204:7)
    at Layer.handle [as handle_request] (C:\Users\Muhammad Aurangzaib\Desktop\Queue managment\smart-queue-backend\node_modules\express\lib\router\layer.js:95:5)
    at trim_prefix (C:\Users\Muhammad Aurangzaib\Desktop\Queue managment\smart-queue-backend\node_modules\express\lib\router\index.js:328:13)
    at C:\Users\Muhammad Aurangzaib\Desktop\Queue managment\smart-queue-backend\node_modules\express\lib\router\index.js:286:9
    at Function.process_params (C:\Users\Muhammad Aurangzaib\Desktop\Queue managment\smart-queue-backend\node_modules\express\lib\router\index.js:346:12)
    at next (C:\Users\Muhammad Aurangzaib\Desktop\Queue managment\smart-queue-backend\node_modules\express\lib\router\index.js:280:10)
    at internalNext (C:\Users\Muhammad Aurangzaib\Desktop\Queue managment\smart-queue-backend\node_modules\helmet\index.cjs:537:6)
2026-04-23 01:51:34 [error]: Error: CORS: Origin http://192.168.56.1:3000 not allowed
    at origin (C:\Users\Muhammad Aurangzaib\Desktop\Queue managment\smart-queue-backend\server.js:82:18)
    at C:\Users\Muhammad Aurangzaib\Desktop\Queue managment\smart-queue-backend\node_modules\cors\lib\index.js:219:13
    at optionsCallback (C:\Users\Muhammad Aurangzaib\Desktop\Queue managment\smart-queue-backend\node_modules\cors\lib\index.js:199:9)
    at corsMiddleware (C:\Users\Muhammad Aurangzaib\Desktop\Queue managment\smart-queue-backend\node_modules\cors\lib\index.js:204:7)
    at Layer.handle [as handle_request] (C:\Users\Muhammad Aurangzaib\Desktop\Queue managment\smart-queue-backend\node_modules\express\lib\router\layer.js:95:5)
    at trim_prefix (C:\Users\Muhammad Aurangzaib\Desktop\Queue managment\smart-queue-backend\node_modules\express\lib\router\index.js:328:13)
    at C:\Users\Muhammad Aurangzaib\Desktop\Queue managment\smart-queue-backend\node_modules\express\lib\router\index.js:286:9
    at Function.process_params (C:\Users\Muhammad Aurangzaib\Desktop\Queue managment\smart-queue-backend\node_modules\express\lib\router\index.js:346:12)
    at next (C:\Users\Muhammad Aurangzaib\Desktop\Queue managment\smart-queue-backend\node_modules\express\lib\router\index.js:280:10)
    at internalNext (C:\Users\Muhammad Aurangzaib\Desktop\Queue managment\smart-queue-backend\node_modules\helmet\index.cjs:537:6)
2026-04-23 01:51:38 [error]: Error: CORS: Origin http://192.168.56.1:3000 not allowed
    at origin (C:\Users\Muhammad Aurangzaib\Desktop\Queue managment\smart-queue-backend\server.js:82:18)
    at C:\Users\Muhammad Aurangzaib\Desktop\Queue managment\smart-queue-backend\node_modules\cors\lib\index.js:219:13
    at optionsCallback (C:\Users\Muhammad Aurangzaib\Desktop\Queue managment\smart-queue-backend\node_modules\cors\lib\index.js:199:9)
    at corsMiddleware (C:\Users\Muhammad Aurangzaib\Desktop\Queue managment\smart-queue-backend\node_modules\cors\lib\index.js:204:7)
    at Layer.handle [as handle_request] (C:\Users\Muhammad Aurangzaib\Desktop\Queue managment\smart-queue-backend\node_modules\express\lib\router\layer.js:95:5)
    at trim_prefix (C:\Users\Muhammad Aurangzaib\Desktop\Queue managment\smart-queue-backend\node_modules\express\lib\router\index.js:328:13)
    at C:\Users\Muhammad Aurangzaib\Desktop\Queue managment\smart-queue-backend\node_modules\express\lib\router\index.js:286:9
    at Function.process_params (C:\Users\Muhammad Aurangzaib\Desktop\Queue managment\smart-queue-backend\node_modules\express\lib\router\index.js:346:12)
    at next (C:\Users\Muhammad Aurangzaib\Desktop\Queue managment\smart-queue-backend\node_modules\express\lib\router\index.js:280:10)
    at internalNext (C:\Users\Muhammad Aurangzaib\Desktop\Queue managment\smart-queue-backend\node_modules\helmet\index.cjs:537:6)
2026-04-23 01:51:40 [error]: Error: CORS: Origin http://192.168.56.1:3000 not allowed
    at origin (C:\Users\Muhammad Aurangzaib\Desktop\Queue managment\smart-queue-backend\server.js:82:18)
    at C:\Users\Muhammad Aurangzaib\Desktop\Queue managment\smart-queue-backend\node_modules\cors\lib\index.js:219:13
    at optionsCallback (C:\Users\Muhammad Aurangzaib\Desktop\Queue managment\smart-queue-backend\node_modules\cors\lib\index.js:199:9)
    at corsMiddleware (C:\Users\Muhammad Aurangzaib\Desktop\Queue managment\smart-queue-backend\node_modules\cors\lib\index.js:204:7)
    at Layer.handle [as handle_request] (C:\Users\Muhammad Aurangzaib\Desktop\Queue managment\smart-queue-backend\node_modules\express\lib\router\layer.js:95:5)
    at trim_prefix (C:\Users\Muhammad Aurangzaib\Desktop\Queue managment\smart-queue-backend\node_modules\express\lib\router\index.js:328:13)
    at C:\Users\Muhammad Aurangzaib\Desktop\Queue managment\smart-queue-backend\node_modules\express\lib\router\index.js:286:9
    at Function.process_params (C:\Users\Muhammad Aurangzaib\Desktop\Queue managment\smart-queue-backend\node_modules\express\lib\router\index.js:346:12)
    at next (C:\Users\Muhammad Aurangzaib\Desktop\Queue managment\smart-queue-backend\node_modules\express\lib\router\index.js:280:10)
    at internalNext (C:\Users\Muhammad Aurangzaib\Desktop\Queue managment\smart-queue-backend\node_modules\helmet\index.cjs:537:6)
2026-04-23 01:51:41 [error]: Error: CORS: Origin http://192.168.56.1:3000 not allowed
    at origin (C:\Users\Muhammad Aurangzaib\Desktop\Queue managment\smart-queue-backend\server.js:82:18)
    at C:\Users\Muhammad Aurangzaib\Desktop\Queue managment\smart-queue-backend\node_modules\cors\lib\index.js:219:13
    at optionsCallback (C:\Users\Muhammad Aurangzaib\Desktop\Queue managment\smart-queue-backend\node_modules\cors\lib\index.js:199:9)
    at corsMiddleware (C:\Users\Muhammad Aurangzaib\Desktop\Queue managment\smart-queue-backend\node_modules\cors\lib\index.js:204:7)
    at Layer.handle [as handle_request] (C:\Users\Muhammad Aurangzaib\Desktop\Queue managment\smart-queue-backend\node_modules\express\lib\router\layer.js:95:5)
    at trim_prefix (C:\Users\Muhammad Aurangzaib\Desktop\Queue managment\smart-queue-backend\node_modules\express\lib\router\index.js:328:13)
    at C:\Users\Muhammad Aurangzaib\Desktop\Queue managment\smart-queue-backend\node_modules\express\lib\router\index.js:286:9
    at Function.process_params (C:\Users\Muhammad Aurangzaib\Desktop\Queue managment\smart-queue-backend\node_modules\express\lib\router\index.js:346:12)
    at next (C:\Users\Muhammad Aurangzaib\Desktop\Queue managment\smart-queue-backend\node_modules\express\lib\router\index.js:280:10)
    at internalNext (C:\Users\Muhammad Aurangzaib\Desktop\Queue managment\smart-queue-backend\node_modules\helmet\index.cjs:537:6)
2026-04-23 01:51:44 [error]: Error: CORS: Origin http://192.168.56.1:3000 not allowed
    at origin (C:\Users\Muhammad Aurangzaib\Desktop\Queue managment\smart-queue-backend\server.js:82:18)
    at C:\Users\Muhammad Aurangzaib\Desktop\Queue managment\smart-queue-backend\node_modules\cors\lib\index.js:219:13
    at optionsCallback (C:\Users\Muhammad Aurangzaib\Desktop\Queue managment\smart-queue-backend\node_modules\cors\lib\index.js:199:9)
    at corsMiddleware (C:\Users\Muhammad Aurangzaib\Desktop\Queue managment\smart-queue-backend\node_modules\cors\lib\index.js:204:7)
    at Layer.handle [as handle_request] (C:\Users\Muhammad Aurangzaib\Desktop\Queue managment\smart-queue-backend\node_modules\express\lib\router\layer.js:95:5)
    at trim_prefix (C:\Users\Muhammad Aurangzaib\Desktop\Queue managment\smart-queue-backend\node_modules\express\lib\router\index.js:328:13)
    at C:\Users\Muhammad Aurangzaib\Desktop\Queue managment\smart-queue-backend\node_modules\express\lib\router\index.js:286:9
    at Function.process_params (C:\Users\Muhammad Aurangzaib\Desktop\Queue managment\smart-queue-backend\node_modules\express\lib\router\index.js:346:12)
    at next (C:\Users\Muhammad Aurangzaib\Desktop\Queue managment\smart-queue-backend\node_modules\express\lib\router\index.js:280:10)
    at internalNext (C:\Users\Muhammad Aurangzaib\Desktop\Queue managment\smart-queue-backend\node_modules\helmet\index.cjs:537:6)
2026-04-23 01:51:44 [error]: Error: CORS: Origin http://192.168.56.1:3000 not allowed
    at origin (C:\Users\Muhammad Aurangzaib\Desktop\Queue managment\smart-queue-backend\server.js:82:18)
    at C:\Users\Muhammad Aurangzaib\Desktop\Queue managment\smart-queue-backend\node_modules\cors\lib\index.js:219:13
    at optionsCallback (C:\Users\Muhammad Aurangzaib\Desktop\Queue managment\smart-queue-backend\node_modules\cors\lib\index.js:199:9)
    at corsMiddleware (C:\Users\Muhammad Aurangzaib\Desktop\Queue managment\smart-queue-backend\node_modules\cors\lib\index.js:204:7)
    at Layer.handle [as handle_request] (C:\Users\Muhammad Aurangzaib\Desktop\Queue managment\smart-queue-backend\node_modules\express\lib\router\layer.js:95:5)
    at trim_prefix (C:\Users\Muhammad Aurangzaib\Desktop\Queue managment\smart-queue-backend\node_modules\express\lib\router\index.js:328:13)
    at C:\Users\Muhammad Aurangzaib\Desktop\Queue managment\smart-queue-backend\node_modules\express\lib\router\index.js:286:9
    at Function.process_params (C:\Users\Muhammad Aurangzaib\Desktop\Queue managment\smart-queue-backend\node_modules\express\lib\router\index.js:346:12)
    at next (C:\Users\Muhammad Aurangzaib\Desktop\Queue managment\smart-queue-backend\node_modules\express\lib\router\index.js:280:10)
    at internalNext (C:\Users\Muhammad Aurangzaib\Desktop\Queue managment\smart-queue-backend\node_modules\helmet\index.cjs:537:6)
2026-04-23 01:51:54 [error]: Uncaught Exception: listen EADDRINUSE: address already in use :::5000
2026-04-23 01:53:15 [error]: Error: CORS: Origin http://192.168.56.1:3000 not allowed
    at origin (C:\Users\Muhammad Aurangzaib\Desktop\Queue managment\smart-queue-backend\server.js:82:18)
    at C:\Users\Muhammad Aurangzaib\Desktop\Queue managment\smart-queue-backend\node_modules\cors\lib\index.js:219:13
    at optionsCallback (C:\Users\Muhammad Aurangzaib\Desktop\Queue managment\smart-queue-backend\node_modules\cors\lib\index.js:199:9)
    at corsMiddleware (C:\Users\Muhammad Aurangzaib\Desktop\Queue managment\smart-queue-backend\node_modules\cors\lib\index.js:204:7)
    at Layer.handle [as handle_request] (C:\Users\Muhammad Aurangzaib\Desktop\Queue managment\smart-queue-backend\node_modules\express\lib\router\layer.js:95:5)
    at trim_prefix (C:\Users\Muhammad Aurangzaib\Desktop\Queue managment\smart-queue-backend\node_modules\express\lib\router\index.js:328:13)
    at C:\Users\Muhammad Aurangzaib\Desktop\Queue managment\smart-queue-backend\node_modules\express\lib\router\index.js:286:9
    at Function.process_params (C:\Users\Muhammad Aurangzaib\Desktop\Queue managment\smart-queue-backend\node_modules\express\lib\router\index.js:346:12)
    at next (C:\Users\Muhammad Aurangzaib\Desktop\Queue managment\smart-queue-backend\node_modules\express\lib\router\index.js:280:10)
    at internalNext (C:\Users\Muhammad Aurangzaib\Desktop\Queue managment\smart-queue-backend\node_modules\helmet\index.cjs:537:6)
2026-04-23 01:54:19 [error]: Error: CORS: Origin http://localhost:3001 not allowed
    at origin (C:\Users\Muhammad Aurangzaib\Desktop\Queue managment\smart-queue-backend\server.js:82:18)
    at C:\Users\Muhammad Aurangzaib\Desktop\Queue managment\smart-queue-backend\node_modules\cors\lib\index.js:219:13
    at optionsCallback (C:\Users\Muhammad Aurangzaib\Desktop\Queue managment\smart-queue-backend\node_modules\cors\lib\index.js:199:9)
    at corsMiddleware (C:\Users\Muhammad Aurangzaib\Desktop\Queue managment\smart-queue-backend\node_modules\cors\lib\index.js:204:7)
    at Layer.handle [as handle_request] (C:\Users\Muhammad Aurangzaib\Desktop\Queue managment\smart-queue-backend\node_modules\express\lib\router\layer.js:95:5)
    at trim_prefix (C:\Users\Muhammad Aurangzaib\Desktop\Queue managment\smart-queue-backend\node_modules\express\lib\router\index.js:328:13)
    at C:\Users\Muhammad Aurangzaib\Desktop\Queue managment\smart-queue-backend\node_modules\express\lib\router\index.js:286:9
    at Function.process_params (C:\Users\Muhammad Aurangzaib\Desktop\Queue managment\smart-queue-backend\node_modules\express\lib\router\index.js:346:12)
    at next (C:\Users\Muhammad Aurangzaib\Desktop\Queue managment\smart-queue-backend\node_modules\express\lib\router\index.js:280:10)
    at internalNext (C:\Users\Muhammad Aurangzaib\Desktop\Queue managment\smart-queue-backend\node_modules\helmet\index.cjs:537:6)
2026-04-23 01:56:57 [error]: Uncaught Exception: listen EADDRINUSE: address already in use :::5000
2026-04-23 01:56:57 [error]: Uncaught Exception: listen EADDRINUSE: address already in use :::5000
2026-04-23 02:08:21 [error]: Uncaught Exception: listen EADDRINUSE: address already in use :::5000
2026-04-23 02:08:21 [error]: Uncaught Exception: listen EADDRINUSE: address already in use :::5000
2026-04-23 02:13:39 [error]: Uncaught Exception: listen EADDRINUSE: address already in use :::5000
2026-04-23 02:26:17 [error]: Error: CORS: Origin http://192.168.56.1:3001 not allowed
    at origin (C:\Users\Muhammad Aurangzaib\Desktop\Queue managment\smart-queue-backend\server.js:82:18)
    at C:\Users\Muhammad Aurangzaib\Desktop\Queue managment\smart-queue-backend\node_modules\cors\lib\index.js:219:13
    at optionsCallback (C:\Users\Muhammad Aurangzaib\Desktop\Queue managment\smart-queue-backend\node_modules\cors\lib\index.js:199:9)
    at corsMiddleware (C:\Users\Muhammad Aurangzaib\Desktop\Queue managment\smart-queue-backend\node_modules\cors\lib\index.js:204:7)
    at Layer.handle [as handle_request] (C:\Users\Muhammad Aurangzaib\Desktop\Queue managment\smart-queue-backend\node_modules\express\lib\router\layer.js:95:5)
    at trim_prefix (C:\Users\Muhammad Aurangzaib\Desktop\Queue managment\smart-queue-backend\node_modules\express\lib\router\index.js:328:13)
    at C:\Users\Muhammad Aurangzaib\Desktop\Queue managment\smart-queue-backend\node_modules\express\lib\router\index.js:286:9
    at Function.process_params (C:\Users\Muhammad Aurangzaib\Desktop\Queue managment\smart-queue-backend\node_modules\express\lib\router\index.js:346:12)
    at next (C:\Users\Muhammad Aurangzaib\Desktop\Queue managment\smart-queue-backend\node_modules\express\lib\router\index.js:280:10)
    at internalNext (C:\Users\Muhammad Aurangzaib\Desktop\Queue managment\smart-queue-backend\node_modules\helmet\index.cjs:537:6)
2026-04-23 02:27:10 [error]: Uncaught Exception: listen EADDRINUSE: address already in use :::5000
2026-04-23 02:42:53 [error]: Uncaught Exception: listen EADDRINUSE: address already in use :::5000
2026-04-27 07:28:48 [error]: Error: CORS: Origin http://[::1]:3000 not allowed
    at origin (C:\Users\Muhammad Aurangzaib\Desktop\Queue managment\smart-queue-backend\server.js:82:18)
    at C:\Users\Muhammad Aurangzaib\Desktop\Queue managment\smart-queue-backend\node_modules\cors\lib\index.js:219:13
    at optionsCallback (C:\Users\Muhammad Aurangzaib\Desktop\Queue managment\smart-queue-backend\node_modules\cors\lib\index.js:199:9)
    at corsMiddleware (C:\Users\Muhammad Aurangzaib\Desktop\Queue managment\smart-queue-backend\node_modules\cors\lib\index.js:204:7)
    at Layer.handle [as handle_request] (C:\Users\Muhammad Aurangzaib\Desktop\Queue managment\smart-queue-backend\node_modules\express\lib\router\layer.js:95:5)
    at trim_prefix (C:\Users\Muhammad Aurangzaib\Desktop\Queue managment\smart-queue-backend\node_modules\express\lib\router\index.js:328:13)
    at C:\Users\Muhammad Aurangzaib\Desktop\Queue managment\smart-queue-backend\node_modules\express\lib\router\index.js:286:9
    at Function.process_params (C:\Users\Muhammad Aurangzaib\Desktop\Queue managment\smart-queue-backend\node_modules\express\lib\router\index.js:346:12)
    at next (C:\Users\Muhammad Aurangzaib\Desktop\Queue managment\smart-queue-backend\node_modules\express\lib\router\index.js:280:10)
    at internalNext (C:\Users\Muhammad Aurangzaib\Desktop\Queue managment\smart-queue-backend\node_modules\helmet\index.cjs:537:6)
2026-06-14 16:01:25 [error]: Uncaught Exception: listen EADDRINUSE: address already in use :::5000
2026-06-15 18:36:33 [error]: ❌ MongoDB connection error (attempt 1): The `uri` parameter to `openUri()` must be a string, got "undefined". Make sure the first parameter to `mongoose.connect()` or `mongoose.createConnection()` is a string.
2026-06-15 18:36:33 [error]: MongoDB error: The `uri` parameter to `openUri()` must be a string, got "undefined". Make sure the first parameter to `mongoose.connect()` or `mongoose.createConnection()` is a string.
2026-06-15 18:36:38 [error]: ❌ MongoDB connection error (attempt 2): The `uri` parameter to `openUri()` must be a string, got "undefined". Make sure the first parameter to `mongoose.connect()` or `mongoose.createConnection()` is a string.
2026-06-15 18:36:38 [error]: MongoDB error: The `uri` parameter to `openUri()` must be a string, got "undefined". Make sure the first parameter to `mongoose.connect()` or `mongoose.createConnection()` is a string.
2026-06-15 18:36:43 [error]: ❌ MongoDB connection error (attempt 3): The `uri` parameter to `openUri()` must be a string, got "undefined". Make sure the first parameter to `mongoose.connect()` or `mongoose.createConnection()` is a string.
2026-06-15 18:36:43 [error]: MongoDB error: The `uri` parameter to `openUri()` must be a string, got "undefined". Make sure the first parameter to `mongoose.connect()` or `mongoose.createConnection()` is a string.
2026-06-15 18:36:48 [error]: ❌ MongoDB connection error (attempt 4): The `uri` parameter to `openUri()` must be a string, got "undefined". Make sure the first parameter to `mongoose.connect()` or `mongoose.createConnection()` is a string.
2026-06-15 18:36:48 [error]: MongoDB error: The `uri` parameter to `openUri()` must be a string, got "undefined". Make sure the first parameter to `mongoose.connect()` or `mongoose.createConnection()` is a string.
2026-06-15 18:36:53 [error]: ❌ MongoDB connection error (attempt 5): The `uri` parameter to `openUri()` must be a string, got "undefined". Make sure the first parameter to `mongoose.connect()` or `mongoose.createConnection()` is a string.
2026-06-15 18:39:06 [error]: ❌ MongoDB connection error (attempt 1): The `uri` parameter to `openUri()` must be a string, got "undefined". Make sure the first parameter to `mongoose.connect()` or `mongoose.createConnection()` is a string.
2026-06-15 18:39:06 [error]: MongoDB error: The `uri` parameter to `openUri()` must be a string, got "undefined". Make sure the first parameter to `mongoose.connect()` or `mongoose.createConnection()` is a string.
2026-06-15 18:39:11 [error]: ❌ MongoDB connection error (attempt 2): The `uri` parameter to `openUri()` must be a string, got "undefined". Make sure the first parameter to `mongoose.connect()` or `mongoose.createConnection()` is a string.
2026-06-15 18:39:11 [error]: MongoDB error: The `uri` parameter to `openUri()` must be a string, got "undefined". Make sure the first parameter to `mongoose.connect()` or `mongoose.createConnection()` is a string.
2026-06-15 18:39:16 [error]: ❌ MongoDB connection error (attempt 3): The `uri` parameter to `openUri()` must be a string, got "undefined". Make sure the first parameter to `mongoose.connect()` or `mongoose.createConnection()` is a string.
2026-06-15 18:39:16 [error]: MongoDB error: The `uri` parameter to `openUri()` must be a string, got "undefined". Make sure the first parameter to `mongoose.connect()` or `mongoose.createConnection()` is a string.
2026-06-15 18:39:21 [error]: ❌ MongoDB connection error (attempt 4): The `uri` parameter to `openUri()` must be a string, got "undefined". Make sure the first parameter to `mongoose.connect()` or `mongoose.createConnection()` is a string.
2026-06-15 18:39:21 [error]: MongoDB error: The `uri` parameter to `openUri()` must be a string, got "undefined". Make sure the first parameter to `mongoose.connect()` or `mongoose.createConnection()` is a string.
2026-06-15 18:39:26 [error]: ❌ MongoDB connection error (attempt 5): The `uri` parameter to `openUri()` must be a string, got "undefined". Make sure the first parameter to `mongoose.connect()` or `mongoose.createConnection()` is a string.
2026-06-15 19:00:45 [error]: ❌ MongoDB connection error (attempt 1): The `uri` parameter to `openUri()` must be a string, got "undefined". Make sure the first parameter to `mongoose.connect()` or `mongoose.createConnection()` is a string.
2026-06-15 19:00:45 [error]: MongoDB error: The `uri` parameter to `openUri()` must be a string, got "undefined". Make sure the first parameter to `mongoose.connect()` or `mongoose.createConnection()` is a string.
2026-06-16 17:38:20 [error]: Uncaught Exception: listen EADDRINUSE: address already in use :::5000
2026-06-16 17:46:37 [error]: Uncaught Exception: listen EADDRINUSE: address already in use :::5000
2026-06-16 17:47:04 [error]: Uncaught Exception: listen EADDRINUSE: address already in use :::5000
2026-06-16 17:47:20 [error]: Uncaught Exception: listen EADDRINUSE: address already in use :::5000
2026-06-16 17:47:46 [error]: Uncaught Exception: listen EADDRINUSE: address already in use :::5000
2026-06-16 17:48:07 [error]: Uncaught Exception: listen EADDRINUSE: address already in use :::5000
2026-06-16 17:48:45 [error]: Uncaught Exception: listen EADDRINUSE: address already in use :::5000
2026-06-16 17:57:12 [error]: Uncaught Exception: listen EADDRINUSE: address already in use :::5000
2026-06-16 17:58:07 [error]: Uncaught Exception: listen EADDRINUSE: address already in use :::5000
2026-06-16 17:59:50 [error]: Uncaught Exception: listen EADDRINUSE: address already in use :::5000
2026-06-16 18:04:15 [error]: Uncaught Exception: listen EADDRINUSE: address already in use :::5000
2026-06-16 18:06:02 [error]: Error sending queue snapshot: Queue is not defined
2026-06-29 15:33:15 [error]: Uncaught Exception: listen EADDRINUSE: address already in use :::5000
2026-06-29 15:41:55 [error]: Error: CORS: Origin http://[::1]:3001 not allowed
    at origin (C:\Users\Muhammad Aurangzaib\Desktop\Queuemanagment2\Queue-mangment\smart-queue-backend\server.js:83:18)
    at C:\Users\Muhammad Aurangzaib\Desktop\Queuemanagment2\Queue-mangment\smart-queue-backend\node_modules\cors\lib\index.js:219:13
    at optionsCallback (C:\Users\Muhammad Aurangzaib\Desktop\Queuemanagment2\Queue-mangment\smart-queue-backend\node_modules\cors\lib\index.js:199:9)
    at corsMiddleware (C:\Users\Muhammad Aurangzaib\Desktop\Queuemanagment2\Queue-mangment\smart-queue-backend\node_modules\cors\lib\index.js:204:7)
    at Layer.handle [as handle_request] (C:\Users\Muhammad Aurangzaib\Desktop\Queuemanagment2\Queue-mangment\smart-queue-backend\node_modules\express\lib\router\layer.js:95:5)
    at trim_prefix (C:\Users\Muhammad Aurangzaib\Desktop\Queuemanagment2\Queue-mangment\smart-queue-backend\node_modules\express\lib\router\index.js:328:13)
    at C:\Users\Muhammad Aurangzaib\Desktop\Queuemanagment2\Queue-mangment\smart-queue-backend\node_modules\express\lib\router\index.js:286:9
    at Function.process_params (C:\Users\Muhammad Aurangzaib\Desktop\Queuemanagment2\Queue-mangment\smart-queue-backend\node_modules\express\lib\router\index.js:346:12)
    at next (C:\Users\Muhammad Aurangzaib\Desktop\Queuemanagment2\Queue-mangment\smart-queue-backend\node_modules\express\lib\router\index.js:280:10)
    at internalNext (C:\Users\Muhammad Aurangzaib\Desktop\Queuemanagment2\Queue-mangment\smart-queue-backend\node_modules\helmet\index.cjs:537:6)
2026-06-29 15:42:06 [error]: Error: CORS: Origin http://[::1]:3001 not allowed
    at origin (C:\Users\Muhammad Aurangzaib\Desktop\Queuemanagment2\Queue-mangment\smart-queue-backend\server.js:83:18)
    at C:\Users\Muhammad Aurangzaib\Desktop\Queuemanagment2\Queue-mangment\smart-queue-backend\node_modules\cors\lib\index.js:219:13
    at optionsCallback (C:\Users\Muhammad Aurangzaib\Desktop\Queuemanagment2\Queue-mangment\smart-queue-backend\node_modules\cors\lib\index.js:199:9)
    at corsMiddleware (C:\Users\Muhammad Aurangzaib\Desktop\Queuemanagment2\Queue-mangment\smart-queue-backend\node_modules\cors\lib\index.js:204:7)
    at Layer.handle [as handle_request] (C:\Users\Muhammad Aurangzaib\Desktop\Queuemanagment2\Queue-mangment\smart-queue-backend\node_modules\express\lib\router\layer.js:95:5)
    at trim_prefix (C:\Users\Muhammad Aurangzaib\Desktop\Queuemanagment2\Queue-mangment\smart-queue-backend\node_modules\express\lib\router\index.js:328:13)
    at C:\Users\Muhammad Aurangzaib\Desktop\Queuemanagment2\Queue-mangment\smart-queue-backend\node_modules\express\lib\router\index.js:286:9
    at Function.process_params (C:\Users\Muhammad Aurangzaib\Desktop\Queuemanagment2\Queue-mangment\smart-queue-backend\node_modules\express\lib\router\index.js:346:12)
    at next (C:\Users\Muhammad Aurangzaib\Desktop\Queuemanagment2\Queue-mangment\smart-queue-backend\node_modules\express\lib\router\index.js:280:10)
    at internalNext (C:\Users\Muhammad Aurangzaib\Desktop\Queuemanagment2\Queue-mangment\smart-queue-backend\node_modules\helmet\index.cjs:537:6)
2026-06-29 15:43:19 [error]: Uncaught Exception: listen EADDRINUSE: address already in use :::5000
2026-06-29 15:45:14 [error]: Error: CORS: Origin http://[::1]:3001 not allowed
    at origin (C:\Users\Muhammad Aurangzaib\Desktop\Queuemanagment2\Queue-mangment\smart-queue-backend\server.js:83:18)
    at C:\Users\Muhammad Aurangzaib\Desktop\Queuemanagment2\Queue-mangment\smart-queue-backend\node_modules\cors\lib\index.js:219:13
    at optionsCallback (C:\Users\Muhammad Aurangzaib\Desktop\Queuemanagment2\Queue-mangment\smart-queue-backend\node_modules\cors\lib\index.js:199:9)
    at corsMiddleware (C:\Users\Muhammad Aurangzaib\Desktop\Queuemanagment2\Queue-mangment\smart-queue-backend\node_modules\cors\lib\index.js:204:7)
    at Layer.handle [as handle_request] (C:\Users\Muhammad Aurangzaib\Desktop\Queuemanagment2\Queue-mangment\smart-queue-backend\node_modules\express\lib\router\layer.js:95:5)
    at trim_prefix (C:\Users\Muhammad Aurangzaib\Desktop\Queuemanagment2\Queue-mangment\smart-queue-backend\node_modules\express\lib\router\index.js:328:13)
    at C:\Users\Muhammad Aurangzaib\Desktop\Queuemanagment2\Queue-mangment\smart-queue-backend\node_modules\express\lib\router\index.js:286:9
    at Function.process_params (C:\Users\Muhammad Aurangzaib\Desktop\Queuemanagment2\Queue-mangment\smart-queue-backend\node_modules\express\lib\router\index.js:346:12)
    at next (C:\Users\Muhammad Aurangzaib\Desktop\Queuemanagment2\Queue-mangment\smart-queue-backend\node_modules\express\lib\router\index.js:280:10)
    at internalNext (C:\Users\Muhammad Aurangzaib\Desktop\Queuemanagment2\Queue-mangment\smart-queue-backend\node_modules\helmet\index.cjs:537:6)
2026-06-29 15:45:25 [error]: Error: CORS: Origin http://[::1]:3001 not allowed
    at origin (C:\Users\Muhammad Aurangzaib\Desktop\Queuemanagment2\Queue-mangment\smart-queue-backend\server.js:83:18)
    at C:\Users\Muhammad Aurangzaib\Desktop\Queuemanagment2\Queue-mangment\smart-queue-backend\node_modules\cors\lib\index.js:219:13
    at optionsCallback (C:\Users\Muhammad Aurangzaib\Desktop\Queuemanagment2\Queue-mangment\smart-queue-backend\node_modules\cors\lib\index.js:199:9)
    at corsMiddleware (C:\Users\Muhammad Aurangzaib\Desktop\Queuemanagment2\Queue-mangment\smart-queue-backend\node_modules\cors\lib\index.js:204:7)
    at Layer.handle [as handle_request] (C:\Users\Muhammad Aurangzaib\Desktop\Queuemanagment2\Queue-mangment\smart-queue-backend\node_modules\express\lib\router\layer.js:95:5)
    at trim_prefix (C:\Users\Muhammad Aurangzaib\Desktop\Queuemanagment2\Queue-mangment\smart-queue-backend\node_modules\express\lib\router\index.js:328:13)
    at C:\Users\Muhammad Aurangzaib\Desktop\Queuemanagment2\Queue-mangment\smart-queue-backend\node_modules\express\lib\router\index.js:286:9
    at Function.process_params (C:\Users\Muhammad Aurangzaib\Desktop\Queuemanagment2\Queue-mangment\smart-queue-backend\node_modules\express\lib\router\index.js:346:12)
    at next (C:\Users\Muhammad Aurangzaib\Desktop\Queuemanagment2\Queue-mangment\smart-queue-backend\node_modules\express\lib\router\index.js:280:10)
    at internalNext (C:\Users\Muhammad Aurangzaib\Desktop\Queuemanagment2\Queue-mangment\smart-queue-backend\node_modules\helmet\index.cjs:537:6)
2026-06-29 15:45:27 [error]: Error: CORS: Origin http://[::1]:3001 not allowed
    at origin (C:\Users\Muhammad Aurangzaib\Desktop\Queuemanagment2\Queue-mangment\smart-queue-backend\server.js:83:18)
    at C:\Users\Muhammad Aurangzaib\Desktop\Queuemanagment2\Queue-mangment\smart-queue-backend\node_modules\cors\lib\index.js:219:13
    at optionsCallback (C:\Users\Muhammad Aurangzaib\Desktop\Queuemanagment2\Queue-mangment\smart-queue-backend\node_modules\cors\lib\index.js:199:9)
    at corsMiddleware (C:\Users\Muhammad Aurangzaib\Desktop\Queuemanagment2\Queue-mangment\smart-queue-backend\node_modules\cors\lib\index.js:204:7)
    at Layer.handle [as handle_request] (C:\Users\Muhammad Aurangzaib\Desktop\Queuemanagment2\Queue-mangment\smart-queue-backend\node_modules\express\lib\router\layer.js:95:5)
    at trim_prefix (C:\Users\Muhammad Aurangzaib\Desktop\Queuemanagment2\Queue-mangment\smart-queue-backend\node_modules\express\lib\router\index.js:328:13)
    at C:\Users\Muhammad Aurangzaib\Desktop\Queuemanagment2\Queue-mangment\smart-queue-backend\node_modules\express\lib\router\index.js:286:9
    at Function.process_params (C:\Users\Muhammad Aurangzaib\Desktop\Queuemanagment2\Queue-mangment\smart-queue-backend\node_modules\express\lib\router\index.js:346:12)
    at next (C:\Users\Muhammad Aurangzaib\Desktop\Queuemanagment2\Queue-mangment\smart-queue-backend\node_modules\express\lib\router\index.js:280:10)
    at internalNext (C:\Users\Muhammad Aurangzaib\Desktop\Queuemanagment2\Queue-mangment\smart-queue-backend\node_modules\helmet\index.cjs:537:6)
2026-06-29 15:45:37 [error]: Error: CORS: Origin http://[::1]:3001 not allowed
    at origin (C:\Users\Muhammad Aurangzaib\Desktop\Queuemanagment2\Queue-mangment\smart-queue-backend\server.js:83:18)
    at C:\Users\Muhammad Aurangzaib\Desktop\Queuemanagment2\Queue-mangment\smart-queue-backend\node_modules\cors\lib\index.js:219:13
    at optionsCallback (C:\Users\Muhammad Aurangzaib\Desktop\Queuemanagment2\Queue-mangment\smart-queue-backend\node_modules\cors\lib\index.js:199:9)
    at corsMiddleware (C:\Users\Muhammad Aurangzaib\Desktop\Queuemanagment2\Queue-mangment\smart-queue-backend\node_modules\cors\lib\index.js:204:7)
    at Layer.handle [as handle_request] (C:\Users\Muhammad Aurangzaib\Desktop\Queuemanagment2\Queue-mangment\smart-queue-backend\node_modules\express\lib\router\layer.js:95:5)
    at trim_prefix (C:\Users\Muhammad Aurangzaib\Desktop\Queuemanagment2\Queue-mangment\smart-queue-backend\node_modules\express\lib\router\index.js:328:13)
    at C:\Users\Muhammad Aurangzaib\Desktop\Queuemanagment2\Queue-mangment\smart-queue-backend\node_modules\express\lib\router\index.js:286:9
    at Function.process_params (C:\Users\Muhammad Aurangzaib\Desktop\Queuemanagment2\Queue-mangment\smart-queue-backend\node_modules\express\lib\router\index.js:346:12)
    at next (C:\Users\Muhammad Aurangzaib\Desktop\Queuemanagment2\Queue-mangment\smart-queue-backend\node_modules\express\lib\router\index.js:280:10)
    at internalNext (C:\Users\Muhammad Aurangzaib\Desktop\Queuemanagment2\Queue-mangment\smart-queue-backend\node_modules\helmet\index.cjs:537:6)
